<?xml version="1.0" encoding="UTF-8"?>
<!-- Generated by org.testng.reporters.JUnitXMLReporter -->
<testsuite ignored="4" hostname="W5CG0270ZRM" failures="0" tests="1" name="Default test" time="11.391" errors="0" timestamp="2022-09-27T17:05:35 IST">
  <testcase classname="testngexamples.TestNgExample2" name="testCase1" time="11.351"/>
  <testcase classname="testngexamples.TestNgExample2" name="testCase3" time="0.0">
    <ignored/>
  </testcase> <!-- testCase3 -->
  <testcase classname="testngexamples.TestNgExample2" name="testCase5" time="0.0">
    <ignored/>
  </testcase> <!-- testCase5 -->
  <testcase classname="testngexamples.TestNgExample2" name="testCase2" time="0.0">
    <ignored/>
  </testcase> <!-- testCase2 -->
  <testcase classname="testngexamples.TestNgExample2" name="testCase4" time="0.0">
    <ignored/>
  </testcase> <!-- testCase4 -->
</testsuite> <!-- Default test -->
