<?xml version="1.0" encoding="UTF-8"?>
<!-- Generated by org.testng.reporters.JUnitXMLReporter -->
<testsuite ignored="0" hostname="W5CG0270ZRM" failures="0" tests="7" name="Test" time="63.906" errors="0" timestamp="2022-09-28T12:03:27 IST">
  <testcase classname="testngexamples.TestNGExampleTest" name="testCase1" time="0.005"/>
  <testcase classname="testngexamples.TestNGExampleTest" name="testCase2" time="0.002"/>
  <testcase classname="testngexamples.TestNgExample2" name="testCase1" time="7.438"/>
  <testcase classname="testngexamples.TestNgExample2" name="testCase3" time="15.708"/>
  <testcase classname="testngexamples.TestNgExample2" name="testCase4" time="12.657"/>
  <testcase classname="testngexamples.TestNgExample2" name="testCase5" time="18.338"/>
  <testcase classname="testngexamples.TestNgExample2" name="testCase2" time="9.707"/>
</testsuite> <!-- Test -->
