<?xml version="1.0" encoding="UTF-8"?>
<testng-results ignored="0" total="7" passed="7" failed="0" skipped="0">
  <reporter-output>
  </reporter-output>
  <suite started-at="2022-09-28T12:02:23 IST" name="Suite" finished-at="2022-09-28T12:03:27 IST" duration-ms="63906">
    <groups>
    </groups>
    <test started-at="2022-09-28T12:02:23 IST" name="Test" finished-at="2022-09-28T12:03:27 IST" duration-ms="63906">
      <class name="testngexamples.TestNgExample2">
        <test-method signature="testCase1()[pri:0, instance:testngexamples.TestNgExample2@333291e3]" started-at="2022-09-28T12:02:23 IST" name="testCase1" finished-at="2022-09-28T12:02:30 IST" duration-ms="7438" status="PASS">
          <reporter-output>
          </reporter-output>
        </test-method> <!-- testCase1 -->
        <test-method signature="testCase3()[pri:0, instance:testngexamples.TestNgExample2@333291e3]" started-at="2022-09-28T12:02:30 IST" name="testCase3" finished-at="2022-09-28T12:02:46 IST" duration-ms="15708" status="PASS">
          <reporter-output>
          </reporter-output>
        </test-method> <!-- testCase3 -->
        <test-method signature="testCase4()[pri:0, instance:testngexamples.TestNgExample2@333291e3]" started-at="2022-09-28T12:02:46 IST" name="testCase4" finished-at="2022-09-28T12:02:59 IST" duration-ms="12657" status="PASS">
          <reporter-output>
          </reporter-output>
        </test-method> <!-- testCase4 -->
        <test-method signature="testCase5()[pri:0, instance:testngexamples.TestNgExample2@333291e3]" started-at="2022-09-28T12:02:59 IST" name="testCase5" finished-at="2022-09-28T12:03:17 IST" duration-ms="18338" status="PASS">
          <reporter-output>
          </reporter-output>
        </test-method> <!-- testCase5 -->
        <test-method signature="testCase2()[pri:0, instance:testngexamples.TestNgExample2@333291e3]" started-at="2022-09-28T12:03:17 IST" name="testCase2" finished-at="2022-09-28T12:03:27 IST" depends-on-methods="testngexamples.TestNgExample2.testCase3" duration-ms="9707" status="PASS">
          <reporter-output>
          </reporter-output>
        </test-method> <!-- testCase2 -->
      </class> <!-- testngexamples.TestNgExample2 -->
      <class name="testngexamples.TestNGExampleTest">
        <test-method is-config="true" signature="beforeSuite()[pri:0, instance:testngexamples.TestNGExampleTest@20ce78ec]" started-at="2022-09-28T12:02:23 IST" name="beforeSuite" finished-at="2022-09-28T12:02:23 IST" duration-ms="7" status="PASS">
          <reporter-output>
          </reporter-output>
        </test-method> <!-- beforeSuite -->
        <test-method is-config="true" signature="beforeTest()[pri:0, instance:testngexamples.TestNGExampleTest@20ce78ec]" started-at="2022-09-28T12:02:23 IST" name="beforeTest" finished-at="2022-09-28T12:02:23 IST" duration-ms="0" status="PASS">
          <reporter-output>
          </reporter-output>
        </test-method> <!-- beforeTest -->
        <test-method is-config="true" signature="beforeClass()[pri:0, instance:testngexamples.TestNGExampleTest@20ce78ec]" started-at="2022-09-28T12:02:23 IST" name="beforeClass" finished-at="2022-09-28T12:02:23 IST" duration-ms="0" status="PASS">
          <reporter-output>
          </reporter-output>
        </test-method> <!-- beforeClass -->
        <test-method is-config="true" signature="beforeMethod()[pri:0, instance:testngexamples.TestNGExampleTest@20ce78ec]" started-at="2022-09-28T12:02:23 IST" name="beforeMethod" finished-at="2022-09-28T12:02:23 IST" duration-ms="1" status="PASS">
          <reporter-output>
          </reporter-output>
        </test-method> <!-- beforeMethod -->
        <test-method signature="testCase1()[pri:0, instance:testngexamples.TestNGExampleTest@20ce78ec]" started-at="2022-09-28T12:02:23 IST" name="testCase1" finished-at="2022-09-28T12:02:23 IST" duration-ms="5" status="PASS">
          <reporter-output>
          </reporter-output>
        </test-method> <!-- testCase1 -->
        <test-method is-config="true" signature="afterMethod()[pri:0, instance:testngexamples.TestNGExampleTest@20ce78ec]" started-at="2022-09-28T12:02:23 IST" name="afterMethod" finished-at="2022-09-28T12:02:23 IST" duration-ms="0" status="PASS">
          <reporter-output>
          </reporter-output>
        </test-method> <!-- afterMethod -->
        <test-method signature="testCase2()[pri:0, instance:testngexamples.TestNGExampleTest@20ce78ec]" started-at="2022-09-28T12:02:23 IST" name="testCase2" finished-at="2022-09-28T12:02:23 IST" duration-ms="2" status="PASS">
          <reporter-output>
          </reporter-output>
        </test-method> <!-- testCase2 -->
        <test-method is-config="true" signature="beforeMethod()[pri:0, instance:testngexamples.TestNGExampleTest@20ce78ec]" started-at="2022-09-28T12:02:23 IST" name="beforeMethod" finished-at="2022-09-28T12:02:23 IST" duration-ms="0" status="PASS">
          <reporter-output>
          </reporter-output>
        </test-method> <!-- beforeMethod -->
        <test-method is-config="true" signature="afterMethod()[pri:0, instance:testngexamples.TestNGExampleTest@20ce78ec]" started-at="2022-09-28T12:02:23 IST" name="afterMethod" finished-at="2022-09-28T12:02:23 IST" duration-ms="0" status="PASS">
          <reporter-output>
          </reporter-output>
        </test-method> <!-- afterMethod -->
        <test-method is-config="true" signature="afterClass()[pri:0, instance:testngexamples.TestNGExampleTest@20ce78ec]" started-at="2022-09-28T12:02:23 IST" name="afterClass" finished-at="2022-09-28T12:02:23 IST" duration-ms="1" status="PASS">
          <reporter-output>
          </reporter-output>
        </test-method> <!-- afterClass -->
        <test-method is-config="true" signature="afterTest()[pri:0, instance:testngexamples.TestNGExampleTest@20ce78ec]" started-at="2022-09-28T12:03:27 IST" name="afterTest" finished-at="2022-09-28T12:03:27 IST" duration-ms="2" status="PASS">
          <reporter-output>
          </reporter-output>
        </test-method> <!-- afterTest -->
        <test-method is-config="true" signature="afterSuite()[pri:0, instance:testngexamples.TestNGExampleTest@20ce78ec]" started-at="2022-09-28T12:03:27 IST" name="afterSuite" finished-at="2022-09-28T12:03:27 IST" duration-ms="2" status="PASS">
          <reporter-output>
          </reporter-output>
        </test-method> <!-- afterSuite -->
      </class> <!-- testngexamples.TestNGExampleTest -->
    </test> <!-- Test -->
  </suite> <!-- Suite -->
</testng-results>
